c:\windows\fastgh3\plugins\code\core\debug\vc140.pdb
c:\windows\fastgh3\plugins\code\core\debug\vc140.idb
c:\windows\fastgh3\plugins\code\core\debug\binarytree.obj
c:\windows\fastgh3\plugins\code\core\debug\binarytree.asm
c:\windows\fastgh3\plugins\code\core\debug\globalmap.obj
c:\windows\fastgh3\plugins\code\core\debug\globalmap.asm
c:\windows\fastgh3\plugins\code\core\debug\qbarray.obj
c:\windows\fastgh3\plugins\code\core\debug\qbarray.asm
c:\windows\fastgh3\plugins\code\core\debug\qbmap.obj
c:\windows\fastgh3\plugins\code\core\debug\qbmap.asm
c:\windows\fastgh3\plugins\code\core\debug\qbstruct.obj
c:\windows\fastgh3\plugins\code\core\debug\qbstruct.asm
c:\windows\fastgh3\plugins\code\core\debug\core.obj
c:\windows\fastgh3\plugins\code\core\debug\core.asm
c:\windows\fastgh3\plugins\code\core\debug\dllmain.obj
c:\windows\fastgh3\plugins\code\core\debug\dllmain.asm
c:\windows\fastgh3\plugins\code\core\debug\patcher.obj
c:\windows\fastgh3\plugins\code\core\debug\patcher.asm
c:\windows\fastgh3\plugins\code\core\debug\scopedunprotect.obj
c:\windows\fastgh3\plugins\code\core\debug\scopedunprotect.asm
c:\windows\fastgh3\plugins\code\core\debug\patchmanager.obj
c:\windows\fastgh3\plugins\code\core\debug\patchmanager.asm
c:\windows\fastgh3\plugins\code\core\bin\debug\core.lib
c:\windows\fastgh3\plugins\code\core\bin\debug\core.exp
c:\windows\fastgh3\plugins\code\core\bin\debug\core.ilk
c:\windows\fastgh3\plugins\code\core\bin\debug\core.dll
c:\windows\fastgh3\plugins\code\core\bin\debug\core.pdb
c:\windows\fastgh3\plugins\code\core\debug\core.tlog\cl.command.1.tlog
c:\windows\fastgh3\plugins\code\core\debug\core.tlog\cl.read.1.tlog
c:\windows\fastgh3\plugins\code\core\debug\core.tlog\cl.write.1.tlog
c:\windows\fastgh3\plugins\code\core\debug\core.tlog\core.write.1u.tlog
c:\windows\fastgh3\plugins\code\core\debug\core.tlog\link.command.1.tlog
c:\windows\fastgh3\plugins\code\core\debug\core.tlog\link.read.1.tlog
c:\windows\fastgh3\plugins\code\core\debug\core.tlog\link.write.1.tlog
