****** Error: 2015-04-15 17:26:51.151000 *****

Traceback (most recent call last):
  File "PythonCard\menu.pyc", line 204, in _dispatch
  File "songlist_editor.py", line 475, in on_menuFileSave_select
AttributeError: SongInfo instance has no attribute 'markers'
**********************

****** Error: 2016-10-21 17:48:21.394000 *****

Traceback (most recent call last):
  File "PythonCard\components\textfield.pyc", line 342, in _dispatch
  File "PythonCard\widget.pyc", line 408, in _dispatch
  File "songlist_editor.py", line 854, in on_songtitle_textUpdate
AttributeError: 'Songlist_Editor' object has no attribute 'currentsong'
**********************

****** Error: 2016-12-30 01:41:29.478000 *****

Traceback (most recent call last):
  File "PythonCard\menu.pyc", line 204, in _dispatch
  File "songlist_editor.py", line 500, in on_menuFileSave_select
  File "qbread.pyc", line 114, in ToBuffer
  File "qbread.pyc", line 415, in ToBuffer
  File "qbread.pyc", line 666, in ToBuffer
UnicodeDecodeError: 'ascii' codec can't decode byte 0xe7 in position 11: ordinal not in range(128)
**********************

****** Error: 2017-01-28 22:04:35.161000 *****

Traceback (most recent call last):
  File "PythonCard\widget.pyc", line 408, in _dispatch
  File "songlist_editor.py", line 818, in on_delsongbutton_mouseClick
OSError: [Errno 13] Permission denied: 'C:\\Program Files (x86)\\gh4\\DATA\\MUSIC\\fff01.fsb.xen'
**********************

****** Error: 2017-03-01 18:41:58.486000 *****

Traceback (most recent call last):
  File "PythonCard\menu.pyc", line 204, in _dispatch
  File "songlist_editor.py", line 500, in on_menuFileSave_select
  File "qbread.pyc", line 114, in ToBuffer
  File "qbread.pyc", line 415, in ToBuffer
  File "qbread.pyc", line 666, in ToBuffer
UnicodeDecodeError: 'ascii' codec can't decode byte 0xe7 in position 11: ordinal not in range(128)
**********************

****** Error: 2017-09-24 00:07:47.196000 *****

Traceback (most recent call last):
  File "PythonCard\widget.pyc", line 408, in _dispatch
  File "songlist_editor.py", line 922, in on_fofimport_button_mouseClick
  File "songlist_editor.py", line 646, in addsongs
  File "midqbedit1.pyc", line 205, in midqbedit
  File "midi\MidiInFile.pyc", line 48, in read
  File "midi\MidiFileParser.pyc", line 173, in parseMTrkChunks
  File "midi\MidiFileParser.pyc", line 135, in parseMTrkChunk
  File "midi\EventDispatcher.pyc", line 67, in sysex_event
AttributeError: NoteOnPrinter instance has no attribute 'sysex_event'
**********************

****** Error: 2017-10-20 19:30:40.140000 *****

Traceback (most recent call last):
  File "PythonCard\widget.pyc", line 408, in _dispatch
  File "newsong.pyc", line 89, in on_guitar_browse_mouseClick
  File "newsong.pyc", line 68, in BrowseMp3
ValueError: invalid literal for int(): 
**********************

****** Error: 2017-10-20 19:35:50.002000 *****

Traceback (most recent call last):
  File "PythonCard\widget.pyc", line 408, in _dispatch
  File "songlist_editor.py", line 607, in on_newsongbutton_mouseClick
  File "songlist_editor.py", line 646, in addsongs
  File "midqbedit1.pyc", line 205, in midqbedit
  File "midi\MidiInFile.pyc", line 48, in read
  File "midi\MidiFileParser.pyc", line 173, in parseMTrkChunks
  File "midi\MidiFileParser.pyc", line 109, in parseMTrkChunk
TypeError: unsupported operand type(s) for &: 'NoneType' and 'int'
**********************

****** Error: 2017-10-20 19:40:40.656000 *****

Traceback (most recent call last):
  File "PythonCard\widget.pyc", line 408, in _dispatch
  File "songlist_editor.py", line 607, in on_newsongbutton_mouseClick
  File "songlist_editor.py", line 646, in addsongs
  File "midqbedit1.pyc", line 205, in midqbedit
  File "midi\MidiInFile.pyc", line 48, in read
  File "midi\MidiFileParser.pyc", line 173, in parseMTrkChunks
  File "midi\MidiFileParser.pyc", line 109, in parseMTrkChunk
TypeError: unsupported operand type(s) for &: 'NoneType' and 'int'
**********************

****** Error: 2017-10-20 19:43:05.827000 *****

Traceback (most recent call last):
  File "PythonCard\widget.pyc", line 408, in _dispatch
  File "songlist_editor.py", line 607, in on_newsongbutton_mouseClick
  File "songlist_editor.py", line 646, in addsongs
  File "midqbedit1.pyc", line 205, in midqbedit
  File "midi\MidiInFile.pyc", line 48, in read
  File "midi\MidiFileParser.pyc", line 173, in parseMTrkChunks
  File "midi\MidiFileParser.pyc", line 109, in parseMTrkChunk
TypeError: unsupported operand type(s) for &: 'NoneType' and 'int'
**********************

****** Error: 2017-12-14 16:38:22.796000 *****

Traceback (most recent call last):
  File "PythonCard\widget.pyc", line 408, in _dispatch
  File "songlist_editor.py", line 607, in on_newsongbutton_mouseClick
  File "songlist_editor.py", line 636, in addsongs
  File "pakextract.pyc", line 8, in pakextract
IOError: [Errno 2] No such file or directory: 'C:\\Windows\\fastgh3\\DATA\\TEMP\\DATA\\SONGS\\tutorial_1b_song.pak.xen'
**********************

